<?xml version="1.0" encoding="UTF-8"?>
<testng-results ignored="0" total="17" passed="14" failed="3" skipped="0">
  <reporter-output>
  </reporter-output>
  <suite started-at="2024-02-20T20:45:05 MST" name="SFSuite" finished-at="2024-02-20T20:50:02 MST" duration-ms="296387">
    <groups>
    </groups>
    <test started-at="2024-02-20T20:45:05 MST" name="SFLoginTest" finished-at="2024-02-20T20:50:02 MST" duration-ms="296387">
      <class name="com.sf.automationtests.TestScriptOpty">
        <test-method is-config="true" signature="beforeAnyMethod()[pri:0, instance:com.sf.automationtests.TestScriptOpty@424fd310]" started-at="2024-02-20T20:47:47 MST" name="beforeAnyMethod" finished-at="2024-02-20T20:47:53 MST" duration-ms="6293" status="PASS">
          <reporter-output>
          </reporter-output>
        </test-method> <!-- beforeAnyMethod -->
        <test-method signature="OptySFTC11()[pri:0, instance:com.sf.automationtests.TestScriptOpty@424fd310]" started-at="2024-02-20T20:47:53 MST" name="OptySFTC11" finished-at="2024-02-20T20:48:07 MST" duration-ms="13445" status="PASS">
          <reporter-output>
          </reporter-output>
        </test-method> <!-- OptySFTC11 -->
        <test-method is-config="true" signature="afterAllMethods()[pri:0, instance:com.sf.automationtests.TestScriptOpty@424fd310]" started-at="2024-02-20T20:48:07 MST" name="afterAllMethods" finished-at="2024-02-20T20:48:07 MST" duration-ms="101" status="PASS">
          <reporter-output>
          </reporter-output>
        </test-method> <!-- afterAllMethods -->
        <test-method is-config="true" signature="beforeAnyMethod()[pri:0, instance:com.sf.automationtests.TestScriptOpty@424fd310]" started-at="2024-02-20T20:48:07 MST" name="beforeAnyMethod" finished-at="2024-02-20T20:48:13 MST" duration-ms="6258" status="PASS">
          <reporter-output>
          </reporter-output>
        </test-method> <!-- beforeAnyMethod -->
        <test-method signature="OptySFTC12()[pri:0, instance:com.sf.automationtests.TestScriptOpty@424fd310]" started-at="2024-02-20T20:48:13 MST" name="OptySFTC12" finished-at="2024-02-20T20:48:31 MST" duration-ms="18188" status="PASS">
          <reporter-output>
          </reporter-output>
        </test-method> <!-- OptySFTC12 -->
        <test-method is-config="true" signature="afterAllMethods()[pri:0, instance:com.sf.automationtests.TestScriptOpty@424fd310]" started-at="2024-02-20T20:48:31 MST" name="afterAllMethods" finished-at="2024-02-20T20:48:31 MST" duration-ms="93" status="PASS">
          <reporter-output>
          </reporter-output>
        </test-method> <!-- afterAllMethods -->
        <test-method is-config="true" signature="beforeAnyMethod()[pri:0, instance:com.sf.automationtests.TestScriptOpty@424fd310]" started-at="2024-02-20T20:48:31 MST" name="beforeAnyMethod" finished-at="2024-02-20T20:48:38 MST" duration-ms="6451" status="PASS">
          <reporter-output>
          </reporter-output>
        </test-method> <!-- beforeAnyMethod -->
        <test-method signature="OptySFTC13()[pri:0, instance:com.sf.automationtests.TestScriptOpty@424fd310]" started-at="2024-02-20T20:48:38 MST" name="OptySFTC13" finished-at="2024-02-20T20:48:51 MST" duration-ms="13381" status="PASS">
          <reporter-output>
          </reporter-output>
        </test-method> <!-- OptySFTC13 -->
        <test-method is-config="true" signature="afterAllMethods()[pri:0, instance:com.sf.automationtests.TestScriptOpty@424fd310]" started-at="2024-02-20T20:48:51 MST" name="afterAllMethods" finished-at="2024-02-20T20:48:51 MST" duration-ms="85" status="PASS">
          <reporter-output>
          </reporter-output>
        </test-method> <!-- afterAllMethods -->
        <test-method is-config="true" signature="beforeAnyMethod()[pri:0, instance:com.sf.automationtests.TestScriptOpty@424fd310]" started-at="2024-02-20T20:48:51 MST" name="beforeAnyMethod" finished-at="2024-02-20T20:48:58 MST" duration-ms="6239" status="PASS">
          <reporter-output>
          </reporter-output>
        </test-method> <!-- beforeAnyMethod -->
        <test-method signature="OptySFTC14()[pri:0, instance:com.sf.automationtests.TestScriptOpty@424fd310]" started-at="2024-02-20T20:48:58 MST" name="OptySFTC14" finished-at="2024-02-20T20:49:11 MST" duration-ms="13656" status="PASS">
          <reporter-output>
          </reporter-output>
        </test-method> <!-- OptySFTC14 -->
        <test-method is-config="true" signature="afterAllMethods()[pri:0, instance:com.sf.automationtests.TestScriptOpty@424fd310]" started-at="2024-02-20T20:49:11 MST" name="afterAllMethods" finished-at="2024-02-20T20:49:11 MST" duration-ms="81" status="PASS">
          <reporter-output>
          </reporter-output>
        </test-method> <!-- afterAllMethods -->
        <test-method is-config="true" signature="beforeAnyMethod()[pri:0, instance:com.sf.automationtests.TestScriptOpty@424fd310]" started-at="2024-02-20T20:49:11 MST" name="beforeAnyMethod" finished-at="2024-02-20T20:49:18 MST" duration-ms="6236" status="PASS">
          <reporter-output>
          </reporter-output>
        </test-method> <!-- beforeAnyMethod -->
        <test-method signature="OptySFTC15()[pri:0, instance:com.sf.automationtests.TestScriptOpty@424fd310]" started-at="2024-02-20T20:49:18 MST" name="OptySFTC15" finished-at="2024-02-20T20:49:32 MST" duration-ms="14143" status="PASS">
          <reporter-output>
          </reporter-output>
        </test-method> <!-- OptySFTC15 -->
        <test-method is-config="true" signature="afterAllMethods()[pri:0, instance:com.sf.automationtests.TestScriptOpty@424fd310]" started-at="2024-02-20T20:49:32 MST" name="afterAllMethods" finished-at="2024-02-20T20:49:32 MST" duration-ms="112" status="PASS">
          <reporter-output>
          </reporter-output>
        </test-method> <!-- afterAllMethods -->
      </class> <!-- com.sf.automationtests.TestScriptOpty -->
      <class name="com.sf.automationtests.TestScriptUserMenuDD">
        <test-method is-config="true" signature="beforeAnyMethod()[pri:0, instance:com.sf.automationtests.TestScriptUserMenuDD@1a45193b]" started-at="2024-02-20T20:49:32 MST" name="beforeAnyMethod" finished-at="2024-02-20T20:49:38 MST" duration-ms="6311" status="PASS">
          <reporter-output>
          </reporter-output>
        </test-method> <!-- beforeAnyMethod -->
        <test-method signature="userMenuSFTC16()[pri:0, instance:com.sf.automationtests.TestScriptUserMenuDD@1a45193b]" started-at="2024-02-20T20:49:38 MST" name="userMenuSFTC16" finished-at="2024-02-20T20:49:45 MST" duration-ms="6714" status="PASS">
          <reporter-output>
          </reporter-output>
        </test-method> <!-- userMenuSFTC16 -->
        <test-method is-config="true" signature="afterAllMethods()[pri:0, instance:com.sf.automationtests.TestScriptUserMenuDD@1a45193b]" started-at="2024-02-20T20:49:45 MST" name="afterAllMethods" finished-at="2024-02-20T20:49:45 MST" duration-ms="111" status="PASS">
          <reporter-output>
          </reporter-output>
        </test-method> <!-- afterAllMethods -->
        <test-method is-config="true" signature="beforeAnyMethod()[pri:0, instance:com.sf.automationtests.TestScriptUserMenuDD@1a45193b]" started-at="2024-02-20T20:49:45 MST" name="beforeAnyMethod" finished-at="2024-02-20T20:49:51 MST" duration-ms="6290" status="PASS">
          <reporter-output>
          </reporter-output>
        </test-method> <!-- beforeAnyMethod -->
        <test-method signature="userMenuSFTC17()[pri:0, instance:com.sf.automationtests.TestScriptUserMenuDD@1a45193b]" started-at="2024-02-20T20:49:51 MST" name="userMenuSFTC17" finished-at="2024-02-20T20:50:02 MST" duration-ms="10457" status="FAIL">
          <exception class="org.openqa.selenium.NoSuchElementException">
            <message>
              <![CDATA[no such element: Unable to locate element: {"method":"css selector","selector":"#aboutTab"}
  (Session info: chrome=121.0.6167.185)
For documentation on this error, please visit: https://www.seleniumhq.org/exceptions/no_such_element.html
Build info: version: '3.141.59', revision: 'e82be7d358', time: '2018-11-14T08:17:03'
System info: host: 'MEENULAPTOP', ip: '192.168.1.119', os.name: 'Windows 11', os.arch: 'amd64', os.version: '10.0', java.version: '17.0.10'
Driver info: org.openqa.selenium.chrome.ChromeDriver
Capabilities {acceptInsecureCerts: false, browserName: chrome, browserVersion: 121.0.6167.185, chrome: {chromedriverVersion: 121.0.6167.184 (057a8ae7deb..., userDataDir: C:\Users\meenu\AppData\Loca...}, fedcm:accounts: true, goog:chromeOptions: {debuggerAddress: localhost:62159}, javascriptEnabled: true, networkConnectionEnabled: false, pageLoadStrategy: normal, platform: WINDOWS, platformName: WINDOWS, proxy: Proxy(), setWindowRect: true, strictFileInteractability: false, timeouts: {implicit: 0, pageLoad: 300000, script: 30000}, unhandledPromptBehavior: dismiss and notify, webauthn:extension:credBlob: true, webauthn:extension:largeBlob: true, webauthn:extension:minPinLength: true, webauthn:extension:prf: true, webauthn:virtualAuthenticators: true}
Session ID: 924a897abcbf288e683a3b0725578911
*** Element info: {Using=id, value=aboutTab}]]>
            </message>
            <full-stacktrace>
              <![CDATA[org.openqa.selenium.NoSuchElementException: no such element: Unable to locate element: {"method":"css selector","selector":"#aboutTab"}
  (Session info: chrome=121.0.6167.185)
For documentation on this error, please visit: https://www.seleniumhq.org/exceptions/no_such_element.html
Build info: version: '3.141.59', revision: 'e82be7d358', time: '2018-11-14T08:17:03'
System info: host: 'MEENULAPTOP', ip: '192.168.1.119', os.name: 'Windows 11', os.arch: 'amd64', os.version: '10.0', java.version: '17.0.10'
Driver info: org.openqa.selenium.chrome.ChromeDriver
Capabilities {acceptInsecureCerts: false, browserName: chrome, browserVersion: 121.0.6167.185, chrome: {chromedriverVersion: 121.0.6167.184 (057a8ae7deb..., userDataDir: C:\Users\meenu\AppData\Loca...}, fedcm:accounts: true, goog:chromeOptions: {debuggerAddress: localhost:62159}, javascriptEnabled: true, networkConnectionEnabled: false, pageLoadStrategy: normal, platform: WINDOWS, platformName: WINDOWS, proxy: Proxy(), setWindowRect: true, strictFileInteractability: false, timeouts: {implicit: 0, pageLoad: 300000, script: 30000}, unhandledPromptBehavior: dismiss and notify, webauthn:extension:credBlob: true, webauthn:extension:largeBlob: true, webauthn:extension:minPinLength: true, webauthn:extension:prf: true, webauthn:virtualAuthenticators: true}
Session ID: 924a897abcbf288e683a3b0725578911
*** Element info: {Using=id, value=aboutTab}
at java.base/jdk.internal.reflect.NativeConstructorAccessorImpl.newInstance0(Native Method)
at java.base/jdk.internal.reflect.NativeConstructorAccessorImpl.newInstance(NativeConstructorAccessorImpl.java:77)
at java.base/jdk.internal.reflect.DelegatingConstructorAccessorImpl.newInstance(DelegatingConstructorAccessorImpl.java:45)
at java.base/java.lang.reflect.Constructor.newInstanceWithCaller(Constructor.java:499)
at java.base/java.lang.reflect.Constructor.newInstance(Constructor.java:480)
at org.openqa.selenium.remote.http.W3CHttpResponseCodec.createException(W3CHttpResponseCodec.java:187)
at org.openqa.selenium.remote.http.W3CHttpResponseCodec.decode(W3CHttpResponseCodec.java:122)
at org.openqa.selenium.remote.http.W3CHttpResponseCodec.decode(W3CHttpResponseCodec.java:49)
at org.openqa.selenium.remote.HttpCommandExecutor.execute(HttpCommandExecutor.java:158)
at org.openqa.selenium.remote.service.DriverCommandExecutor.execute(DriverCommandExecutor.java:83)
at org.openqa.selenium.remote.RemoteWebDriver.execute(RemoteWebDriver.java:552)
at org.openqa.selenium.remote.RemoteWebDriver.findElement(RemoteWebDriver.java:323)
at org.openqa.selenium.remote.RemoteWebDriver.findElementById(RemoteWebDriver.java:372)
at org.openqa.selenium.By$ById.findElement(By.java:188)
at org.openqa.selenium.remote.RemoteWebDriver.findElement(RemoteWebDriver.java:315)
at com.sf.automationtests.TestScriptUserMenuDD.userMenuSFTC17(TestScriptUserMenuDD.java:102)
at java.base/jdk.internal.reflect.NativeMethodAccessorImpl.invoke0(Native Method)
at java.base/jdk.internal.reflect.NativeMethodAccessorImpl.invoke(NativeMethodAccessorImpl.java:77)
at java.base/jdk.internal.reflect.DelegatingMethodAccessorImpl.invoke(DelegatingMethodAccessorImpl.java:43)
at java.base/java.lang.reflect.Method.invoke(Method.java:568)
at org.testng.internal.invokers.MethodInvocationHelper.invokeMethod(MethodInvocationHelper.java:139)
at org.testng.internal.invokers.TestInvoker.invokeMethod(TestInvoker.java:677)
at org.testng.internal.invokers.TestInvoker.invokeTestMethod(TestInvoker.java:221)
at org.testng.internal.invokers.MethodRunner.runInSequence(MethodRunner.java:50)
at org.testng.internal.invokers.TestInvoker$MethodInvocationAgent.invoke(TestInvoker.java:969)
at org.testng.internal.invokers.TestInvoker.invokeTestMethods(TestInvoker.java:194)
at org.testng.internal.invokers.TestMethodWorker.invokeTestMethods(TestMethodWorker.java:148)
at org.testng.internal.invokers.TestMethodWorker.run(TestMethodWorker.java:128)
at java.base/java.util.ArrayList.forEach(ArrayList.java:1511)
at org.testng.TestRunner.privateRun(TestRunner.java:829)
at org.testng.TestRunner.run(TestRunner.java:602)
at org.testng.SuiteRunner.runTest(SuiteRunner.java:437)
at org.testng.SuiteRunner.runSequentially(SuiteRunner.java:431)
at org.testng.SuiteRunner.privateRun(SuiteRunner.java:391)
at org.testng.SuiteRunner.run(SuiteRunner.java:330)
at org.testng.SuiteRunnerWorker.runSuite(SuiteRunnerWorker.java:52)
at org.testng.SuiteRunnerWorker.run(SuiteRunnerWorker.java:95)
at org.testng.TestNG.runSuitesSequentially(TestNG.java:1256)
at org.testng.TestNG.runSuitesLocally(TestNG.java:1176)
at org.testng.TestNG.runSuites(TestNG.java:1099)
at org.testng.TestNG.run(TestNG.java:1067)
at org.testng.remote.AbstractRemoteTestNG.run(AbstractRemoteTestNG.java:115)
at org.testng.remote.RemoteTestNG.initAndRun(RemoteTestNG.java:251)
at org.testng.remote.RemoteTestNG.main(RemoteTestNG.java:77)
]]>
            </full-stacktrace>
          </exception> <!-- org.openqa.selenium.NoSuchElementException -->
          <reporter-output>
          </reporter-output>
        </test-method> <!-- userMenuSFTC17 -->
        <test-method is-config="true" signature="afterAllMethods()[pri:0, instance:com.sf.automationtests.TestScriptUserMenuDD@1a45193b]" started-at="2024-02-20T20:50:02 MST" name="afterAllMethods" finished-at="2024-02-20T20:50:02 MST" duration-ms="105" status="PASS">
          <reporter-output>
          </reporter-output>
        </test-method> <!-- afterAllMethods -->
      </class> <!-- com.sf.automationtests.TestScriptUserMenuDD -->
      <class name="com.sf.automationtests.TestScriptLeads">
        <test-method is-config="true" signature="beforeAnyMethod()[pri:0, instance:com.sf.automationtests.TestScriptLeads@47a5b70d]" started-at="2024-02-20T20:46:23 MST" name="beforeAnyMethod" finished-at="2024-02-20T20:46:29 MST" duration-ms="6183" status="PASS">
          <reporter-output>
          </reporter-output>
        </test-method> <!-- beforeAnyMethod -->
        <test-method signature="LeadsSFTC10()[pri:0, instance:com.sf.automationtests.TestScriptLeads@47a5b70d]" started-at="2024-02-20T20:46:29 MST" name="LeadsSFTC10" finished-at="2024-02-20T20:46:44 MST" duration-ms="14472" status="PASS">
          <reporter-output>
          </reporter-output>
        </test-method> <!-- LeadsSFTC10 -->
        <test-method is-config="true" signature="afterAllMethods()[pri:0, instance:com.sf.automationtests.TestScriptLeads@47a5b70d]" started-at="2024-02-20T20:46:44 MST" name="afterAllMethods" finished-at="2024-02-20T20:46:44 MST" duration-ms="89" status="PASS">
          <reporter-output>
          </reporter-output>
        </test-method> <!-- afterAllMethods -->
        <test-method is-config="true" signature="beforeAnyMethod()[pri:0, instance:com.sf.automationtests.TestScriptLeads@47a5b70d]" started-at="2024-02-20T20:46:44 MST" name="beforeAnyMethod" finished-at="2024-02-20T20:46:50 MST" duration-ms="6414" status="PASS">
          <reporter-output>
          </reporter-output>
        </test-method> <!-- beforeAnyMethod -->
        <test-method signature="LeadsSFTC6()[pri:0, instance:com.sf.automationtests.TestScriptLeads@47a5b70d]" started-at="2024-02-20T20:46:50 MST" name="LeadsSFTC6" finished-at="2024-02-20T20:46:59 MST" duration-ms="8865" status="PASS">
          <reporter-output>
          </reporter-output>
        </test-method> <!-- LeadsSFTC6 -->
        <test-method is-config="true" signature="afterAllMethods()[pri:0, instance:com.sf.automationtests.TestScriptLeads@47a5b70d]" started-at="2024-02-20T20:46:59 MST" name="afterAllMethods" finished-at="2024-02-20T20:46:59 MST" duration-ms="98" status="PASS">
          <reporter-output>
          </reporter-output>
        </test-method> <!-- afterAllMethods -->
        <test-method is-config="true" signature="beforeAnyMethod()[pri:0, instance:com.sf.automationtests.TestScriptLeads@47a5b70d]" started-at="2024-02-20T20:46:59 MST" name="beforeAnyMethod" finished-at="2024-02-20T20:47:06 MST" duration-ms="6561" status="PASS">
          <reporter-output>
          </reporter-output>
        </test-method> <!-- beforeAnyMethod -->
        <test-method signature="LeadsSFTC7()[pri:0, instance:com.sf.automationtests.TestScriptLeads@47a5b70d]" started-at="2024-02-20T20:47:06 MST" name="LeadsSFTC7" finished-at="2024-02-20T20:47:15 MST" duration-ms="8772" status="PASS">
          <reporter-output>
          </reporter-output>
        </test-method> <!-- LeadsSFTC7 -->
        <test-method is-config="true" signature="afterAllMethods()[pri:0, instance:com.sf.automationtests.TestScriptLeads@47a5b70d]" started-at="2024-02-20T20:47:15 MST" name="afterAllMethods" finished-at="2024-02-20T20:47:15 MST" duration-ms="106" status="PASS">
          <reporter-output>
          </reporter-output>
        </test-method> <!-- afterAllMethods -->
        <test-method is-config="true" signature="beforeAnyMethod()[pri:0, instance:com.sf.automationtests.TestScriptLeads@47a5b70d]" started-at="2024-02-20T20:47:15 MST" name="beforeAnyMethod" finished-at="2024-02-20T20:47:21 MST" duration-ms="6286" status="PASS">
          <reporter-output>
          </reporter-output>
        </test-method> <!-- beforeAnyMethod -->
        <test-method signature="LeadsSFTC8()[pri:0, instance:com.sf.automationtests.TestScriptLeads@47a5b70d]" started-at="2024-02-20T20:47:21 MST" name="LeadsSFTC8" finished-at="2024-02-20T20:47:31 MST" duration-ms="9800" status="FAIL">
          <exception class="org.openqa.selenium.StaleElementReferenceException">
            <message>
              <![CDATA[stale element reference: stale element not found
  (Session info: chrome=121.0.6167.185)
For documentation on this error, please visit: https://www.seleniumhq.org/exceptions/stale_element_reference.html
Build info: version: '3.141.59', revision: 'e82be7d358', time: '2018-11-14T08:17:03'
System info: host: 'MEENULAPTOP', ip: '192.168.1.119', os.name: 'Windows 11', os.arch: 'amd64', os.version: '10.0', java.version: '17.0.10'
Driver info: org.openqa.selenium.chrome.ChromeDriver
Capabilities {acceptInsecureCerts: false, browserName: chrome, browserVersion: 121.0.6167.185, chrome: {chromedriverVersion: 121.0.6167.184 (057a8ae7deb..., userDataDir: C:\Users\meenu\AppData\Loca...}, fedcm:accounts: true, goog:chromeOptions: {debuggerAddress: localhost:61689}, javascriptEnabled: true, networkConnectionEnabled: false, pageLoadStrategy: normal, platform: WINDOWS, platformName: WINDOWS, proxy: Proxy(), setWindowRect: true, strictFileInteractability: false, timeouts: {implicit: 0, pageLoad: 300000, script: 30000}, unhandledPromptBehavior: dismiss and notify, webauthn:extension:credBlob: true, webauthn:extension:largeBlob: true, webauthn:extension:minPinLength: true, webauthn:extension:prf: true, webauthn:virtualAuthenticators: true}
Session ID: b824923fce5b073898b38863bf8f6207]]>
            </message>
            <full-stacktrace>
              <![CDATA[org.openqa.selenium.StaleElementReferenceException: stale element reference: stale element not found
  (Session info: chrome=121.0.6167.185)
For documentation on this error, please visit: https://www.seleniumhq.org/exceptions/stale_element_reference.html
Build info: version: '3.141.59', revision: 'e82be7d358', time: '2018-11-14T08:17:03'
System info: host: 'MEENULAPTOP', ip: '192.168.1.119', os.name: 'Windows 11', os.arch: 'amd64', os.version: '10.0', java.version: '17.0.10'
Driver info: org.openqa.selenium.chrome.ChromeDriver
Capabilities {acceptInsecureCerts: false, browserName: chrome, browserVersion: 121.0.6167.185, chrome: {chromedriverVersion: 121.0.6167.184 (057a8ae7deb..., userDataDir: C:\Users\meenu\AppData\Loca...}, fedcm:accounts: true, goog:chromeOptions: {debuggerAddress: localhost:61689}, javascriptEnabled: true, networkConnectionEnabled: false, pageLoadStrategy: normal, platform: WINDOWS, platformName: WINDOWS, proxy: Proxy(), setWindowRect: true, strictFileInteractability: false, timeouts: {implicit: 0, pageLoad: 300000, script: 30000}, unhandledPromptBehavior: dismiss and notify, webauthn:extension:credBlob: true, webauthn:extension:largeBlob: true, webauthn:extension:minPinLength: true, webauthn:extension:prf: true, webauthn:virtualAuthenticators: true}
Session ID: b824923fce5b073898b38863bf8f6207
at java.base/jdk.internal.reflect.NativeConstructorAccessorImpl.newInstance0(Native Method)
at java.base/jdk.internal.reflect.NativeConstructorAccessorImpl.newInstance(NativeConstructorAccessorImpl.java:77)
at java.base/jdk.internal.reflect.DelegatingConstructorAccessorImpl.newInstance(DelegatingConstructorAccessorImpl.java:45)
at java.base/java.lang.reflect.Constructor.newInstanceWithCaller(Constructor.java:499)
at java.base/java.lang.reflect.Constructor.newInstance(Constructor.java:480)
at org.openqa.selenium.remote.http.W3CHttpResponseCodec.createException(W3CHttpResponseCodec.java:187)
at org.openqa.selenium.remote.http.W3CHttpResponseCodec.decode(W3CHttpResponseCodec.java:122)
at org.openqa.selenium.remote.http.W3CHttpResponseCodec.decode(W3CHttpResponseCodec.java:49)
at org.openqa.selenium.remote.HttpCommandExecutor.execute(HttpCommandExecutor.java:158)
at org.openqa.selenium.remote.service.DriverCommandExecutor.execute(DriverCommandExecutor.java:83)
at org.openqa.selenium.remote.RemoteWebDriver.execute(RemoteWebDriver.java:552)
at org.openqa.selenium.remote.RemoteWebElement.execute(RemoteWebElement.java:285)
at org.openqa.selenium.remote.RemoteWebElement.click(RemoteWebElement.java:84)
at com.sf.base.BaseTestSF.ClickBut(BaseTestSF.java:61)
at com.sf.automationtests.TestScriptLeads.LeadsSFTC8(TestScriptLeads.java:132)
at java.base/jdk.internal.reflect.NativeMethodAccessorImpl.invoke0(Native Method)
at java.base/jdk.internal.reflect.NativeMethodAccessorImpl.invoke(NativeMethodAccessorImpl.java:77)
at java.base/jdk.internal.reflect.DelegatingMethodAccessorImpl.invoke(DelegatingMethodAccessorImpl.java:43)
at java.base/java.lang.reflect.Method.invoke(Method.java:568)
at org.testng.internal.invokers.MethodInvocationHelper.invokeMethod(MethodInvocationHelper.java:139)
at org.testng.internal.invokers.TestInvoker.invokeMethod(TestInvoker.java:677)
at org.testng.internal.invokers.TestInvoker.invokeTestMethod(TestInvoker.java:221)
at org.testng.internal.invokers.MethodRunner.runInSequence(MethodRunner.java:50)
at org.testng.internal.invokers.TestInvoker$MethodInvocationAgent.invoke(TestInvoker.java:969)
at org.testng.internal.invokers.TestInvoker.invokeTestMethods(TestInvoker.java:194)
at org.testng.internal.invokers.TestMethodWorker.invokeTestMethods(TestMethodWorker.java:148)
at org.testng.internal.invokers.TestMethodWorker.run(TestMethodWorker.java:128)
at java.base/java.util.ArrayList.forEach(ArrayList.java:1511)
at org.testng.TestRunner.privateRun(TestRunner.java:829)
at org.testng.TestRunner.run(TestRunner.java:602)
at org.testng.SuiteRunner.runTest(SuiteRunner.java:437)
at org.testng.SuiteRunner.runSequentially(SuiteRunner.java:431)
at org.testng.SuiteRunner.privateRun(SuiteRunner.java:391)
at org.testng.SuiteRunner.run(SuiteRunner.java:330)
at org.testng.SuiteRunnerWorker.runSuite(SuiteRunnerWorker.java:52)
at org.testng.SuiteRunnerWorker.run(SuiteRunnerWorker.java:95)
at org.testng.TestNG.runSuitesSequentially(TestNG.java:1256)
at org.testng.TestNG.runSuitesLocally(TestNG.java:1176)
at org.testng.TestNG.runSuites(TestNG.java:1099)
at org.testng.TestNG.run(TestNG.java:1067)
at org.testng.remote.AbstractRemoteTestNG.run(AbstractRemoteTestNG.java:115)
at org.testng.remote.RemoteTestNG.initAndRun(RemoteTestNG.java:251)
at org.testng.remote.RemoteTestNG.main(RemoteTestNG.java:77)
]]>
            </full-stacktrace>
          </exception> <!-- org.openqa.selenium.StaleElementReferenceException -->
          <reporter-output>
          </reporter-output>
        </test-method> <!-- LeadsSFTC8 -->
        <test-method is-config="true" signature="afterAllMethods()[pri:0, instance:com.sf.automationtests.TestScriptLeads@47a5b70d]" started-at="2024-02-20T20:47:31 MST" name="afterAllMethods" finished-at="2024-02-20T20:47:31 MST" duration-ms="94" status="PASS">
          <reporter-output>
          </reporter-output>
        </test-method> <!-- afterAllMethods -->
        <test-method is-config="true" signature="beforeAnyMethod()[pri:0, instance:com.sf.automationtests.TestScriptLeads@47a5b70d]" started-at="2024-02-20T20:47:31 MST" name="beforeAnyMethod" finished-at="2024-02-20T20:47:37 MST" duration-ms="6262" status="PASS">
          <reporter-output>
          </reporter-output>
        </test-method> <!-- beforeAnyMethod -->
        <test-method signature="LeadsSFTC9()[pri:0, instance:com.sf.automationtests.TestScriptLeads@47a5b70d]" started-at="2024-02-20T20:47:37 MST" name="LeadsSFTC9" finished-at="2024-02-20T20:47:47 MST" duration-ms="9425" status="FAIL">
          <exception class="org.openqa.selenium.StaleElementReferenceException">
            <message>
              <![CDATA[stale element reference: stale element not found
  (Session info: chrome=121.0.6167.185)
For documentation on this error, please visit: https://www.seleniumhq.org/exceptions/stale_element_reference.html
Build info: version: '3.141.59', revision: 'e82be7d358', time: '2018-11-14T08:17:03'
System info: host: 'MEENULAPTOP', ip: '192.168.1.119', os.name: 'Windows 11', os.arch: 'amd64', os.version: '10.0', java.version: '17.0.10'
Driver info: org.openqa.selenium.chrome.ChromeDriver
Capabilities {acceptInsecureCerts: false, browserName: chrome, browserVersion: 121.0.6167.185, chrome: {chromedriverVersion: 121.0.6167.184 (057a8ae7deb..., userDataDir: C:\Users\meenu\AppData\Loca...}, fedcm:accounts: true, goog:chromeOptions: {debuggerAddress: localhost:61749}, javascriptEnabled: true, networkConnectionEnabled: false, pageLoadStrategy: normal, platform: WINDOWS, platformName: WINDOWS, proxy: Proxy(), setWindowRect: true, strictFileInteractability: false, timeouts: {implicit: 0, pageLoad: 300000, script: 30000}, unhandledPromptBehavior: dismiss and notify, webauthn:extension:credBlob: true, webauthn:extension:largeBlob: true, webauthn:extension:minPinLength: true, webauthn:extension:prf: true, webauthn:virtualAuthenticators: true}
Session ID: a96cac547cebc8736ae4d01e7bf6bfd0]]>
            </message>
            <full-stacktrace>
              <![CDATA[org.openqa.selenium.StaleElementReferenceException: stale element reference: stale element not found
  (Session info: chrome=121.0.6167.185)
For documentation on this error, please visit: https://www.seleniumhq.org/exceptions/stale_element_reference.html
Build info: version: '3.141.59', revision: 'e82be7d358', time: '2018-11-14T08:17:03'
System info: host: 'MEENULAPTOP', ip: '192.168.1.119', os.name: 'Windows 11', os.arch: 'amd64', os.version: '10.0', java.version: '17.0.10'
Driver info: org.openqa.selenium.chrome.ChromeDriver
Capabilities {acceptInsecureCerts: false, browserName: chrome, browserVersion: 121.0.6167.185, chrome: {chromedriverVersion: 121.0.6167.184 (057a8ae7deb..., userDataDir: C:\Users\meenu\AppData\Loca...}, fedcm:accounts: true, goog:chromeOptions: {debuggerAddress: localhost:61749}, javascriptEnabled: true, networkConnectionEnabled: false, pageLoadStrategy: normal, platform: WINDOWS, platformName: WINDOWS, proxy: Proxy(), setWindowRect: true, strictFileInteractability: false, timeouts: {implicit: 0, pageLoad: 300000, script: 30000}, unhandledPromptBehavior: dismiss and notify, webauthn:extension:credBlob: true, webauthn:extension:largeBlob: true, webauthn:extension:minPinLength: true, webauthn:extension:prf: true, webauthn:virtualAuthenticators: true}
Session ID: a96cac547cebc8736ae4d01e7bf6bfd0
at java.base/jdk.internal.reflect.NativeConstructorAccessorImpl.newInstance0(Native Method)
at java.base/jdk.internal.reflect.NativeConstructorAccessorImpl.newInstance(NativeConstructorAccessorImpl.java:77)
at java.base/jdk.internal.reflect.DelegatingConstructorAccessorImpl.newInstance(DelegatingConstructorAccessorImpl.java:45)
at java.base/java.lang.reflect.Constructor.newInstanceWithCaller(Constructor.java:499)
at java.base/java.lang.reflect.Constructor.newInstance(Constructor.java:480)
at org.openqa.selenium.remote.http.W3CHttpResponseCodec.createException(W3CHttpResponseCodec.java:187)
at org.openqa.selenium.remote.http.W3CHttpResponseCodec.decode(W3CHttpResponseCodec.java:122)
at org.openqa.selenium.remote.http.W3CHttpResponseCodec.decode(W3CHttpResponseCodec.java:49)
at org.openqa.selenium.remote.HttpCommandExecutor.execute(HttpCommandExecutor.java:158)
at org.openqa.selenium.remote.service.DriverCommandExecutor.execute(DriverCommandExecutor.java:83)
at org.openqa.selenium.remote.RemoteWebDriver.execute(RemoteWebDriver.java:552)
at org.openqa.selenium.remote.RemoteWebElement.execute(RemoteWebElement.java:285)
at org.openqa.selenium.remote.RemoteWebElement.click(RemoteWebElement.java:84)
at com.sf.base.BaseTestSF.ClickBut(BaseTestSF.java:61)
at com.sf.automationtests.TestScriptLeads.LeadsSFTC9(TestScriptLeads.java:203)
at java.base/jdk.internal.reflect.NativeMethodAccessorImpl.invoke0(Native Method)
at java.base/jdk.internal.reflect.NativeMethodAccessorImpl.invoke(NativeMethodAccessorImpl.java:77)
at java.base/jdk.internal.reflect.DelegatingMethodAccessorImpl.invoke(DelegatingMethodAccessorImpl.java:43)
at java.base/java.lang.reflect.Method.invoke(Method.java:568)
at org.testng.internal.invokers.MethodInvocationHelper.invokeMethod(MethodInvocationHelper.java:139)
at org.testng.internal.invokers.TestInvoker.invokeMethod(TestInvoker.java:677)
at org.testng.internal.invokers.TestInvoker.invokeTestMethod(TestInvoker.java:221)
at org.testng.internal.invokers.MethodRunner.runInSequence(MethodRunner.java:50)
at org.testng.internal.invokers.TestInvoker$MethodInvocationAgent.invoke(TestInvoker.java:969)
at org.testng.internal.invokers.TestInvoker.invokeTestMethods(TestInvoker.java:194)
at org.testng.internal.invokers.TestMethodWorker.invokeTestMethods(TestMethodWorker.java:148)
at org.testng.internal.invokers.TestMethodWorker.run(TestMethodWorker.java:128)
at java.base/java.util.ArrayList.forEach(ArrayList.java:1511)
at org.testng.TestRunner.privateRun(TestRunner.java:829)
at org.testng.TestRunner.run(TestRunner.java:602)
at org.testng.SuiteRunner.runTest(SuiteRunner.java:437)
at org.testng.SuiteRunner.runSequentially(SuiteRunner.java:431)
at org.testng.SuiteRunner.privateRun(SuiteRunner.java:391)
at org.testng.SuiteRunner.run(SuiteRunner.java:330)
at org.testng.SuiteRunnerWorker.runSuite(SuiteRunnerWorker.java:52)
at org.testng.SuiteRunnerWorker.run(SuiteRunnerWorker.java:95)
at org.testng.TestNG.runSuitesSequentially(TestNG.java:1256)
at org.testng.TestNG.runSuitesLocally(TestNG.java:1176)
at org.testng.TestNG.runSuites(TestNG.java:1099)
at org.testng.TestNG.run(TestNG.java:1067)
at org.testng.remote.AbstractRemoteTestNG.run(AbstractRemoteTestNG.java:115)
at org.testng.remote.RemoteTestNG.initAndRun(RemoteTestNG.java:251)
at org.testng.remote.RemoteTestNG.main(RemoteTestNG.java:77)
]]>
            </full-stacktrace>
          </exception> <!-- org.openqa.selenium.StaleElementReferenceException -->
          <reporter-output>
          </reporter-output>
        </test-method> <!-- LeadsSFTC9 -->
        <test-method is-config="true" signature="afterAllMethods()[pri:0, instance:com.sf.automationtests.TestScriptLeads@47a5b70d]" started-at="2024-02-20T20:47:47 MST" name="afterAllMethods" finished-at="2024-02-20T20:47:47 MST" duration-ms="84" status="PASS">
          <reporter-output>
          </reporter-output>
        </test-method> <!-- afterAllMethods -->
      </class> <!-- com.sf.automationtests.TestScriptLeads -->
      <class name="com.sf.automationtests.TestScriptLogin">
        <test-method is-config="true" signature="beforeAnyMethod()[pri:0, instance:com.sf.automationtests.TestScriptLogin@4b9df8a]" started-at="2024-02-20T20:45:06 MST" name="beforeAnyMethod" finished-at="2024-02-20T20:45:12 MST" duration-ms="6705" status="PASS">
          <reporter-output>
          </reporter-output>
        </test-method> <!-- beforeAnyMethod -->
        <test-method signature="loginSFTC1()[pri:0, instance:com.sf.automationtests.TestScriptLogin@4b9df8a]" started-at="2024-02-20T20:45:12 MST" name="loginSFTC1" finished-at="2024-02-20T20:45:18 MST" duration-ms="5486" status="PASS">
          <reporter-output>
          </reporter-output>
        </test-method> <!-- loginSFTC1 -->
        <test-method is-config="true" signature="afterAllMethods()[pri:0, instance:com.sf.automationtests.TestScriptLogin@4b9df8a]" started-at="2024-02-20T20:45:18 MST" name="afterAllMethods" finished-at="2024-02-20T20:45:18 MST" duration-ms="62" status="PASS">
          <reporter-output>
          </reporter-output>
        </test-method> <!-- afterAllMethods -->
        <test-method is-config="true" signature="beforeAnyMethod()[pri:0, instance:com.sf.automationtests.TestScriptLogin@4b9df8a]" started-at="2024-02-20T20:45:18 MST" name="beforeAnyMethod" finished-at="2024-02-20T20:45:24 MST" duration-ms="6302" status="PASS">
          <reporter-output>
          </reporter-output>
        </test-method> <!-- beforeAnyMethod -->
        <test-method signature="loginSFTC2()[pri:0, instance:com.sf.automationtests.TestScriptLogin@4b9df8a]" started-at="2024-02-20T20:45:24 MST" name="loginSFTC2" finished-at="2024-02-20T20:45:37 MST" duration-ms="12705" status="PASS">
          <reporter-output>
          </reporter-output>
        </test-method> <!-- loginSFTC2 -->
        <test-method is-config="true" signature="afterAllMethods()[pri:0, instance:com.sf.automationtests.TestScriptLogin@4b9df8a]" started-at="2024-02-20T20:45:37 MST" name="afterAllMethods" finished-at="2024-02-20T20:45:37 MST" duration-ms="113" status="PASS">
          <reporter-output>
          </reporter-output>
        </test-method> <!-- afterAllMethods -->
        <test-method is-config="true" signature="beforeAnyMethod()[pri:0, instance:com.sf.automationtests.TestScriptLogin@4b9df8a]" started-at="2024-02-20T20:45:37 MST" name="beforeAnyMethod" finished-at="2024-02-20T20:45:43 MST" duration-ms="6213" status="PASS">
          <reporter-output>
          </reporter-output>
        </test-method> <!-- beforeAnyMethod -->
        <test-method signature="loginSFTC3()[pri:0, instance:com.sf.automationtests.TestScriptLogin@4b9df8a]" started-at="2024-02-20T20:45:43 MST" name="loginSFTC3" finished-at="2024-02-20T20:45:54 MST" duration-ms="10973" status="PASS">
          <reporter-output>
          </reporter-output>
        </test-method> <!-- loginSFTC3 -->
        <test-method is-config="true" signature="afterAllMethods()[pri:0, instance:com.sf.automationtests.TestScriptLogin@4b9df8a]" started-at="2024-02-20T20:45:54 MST" name="afterAllMethods" finished-at="2024-02-20T20:45:54 MST" duration-ms="146" status="PASS">
          <reporter-output>
          </reporter-output>
        </test-method> <!-- afterAllMethods -->
        <test-method is-config="true" signature="beforeAnyMethod()[pri:0, instance:com.sf.automationtests.TestScriptLogin@4b9df8a]" started-at="2024-02-20T20:45:54 MST" name="beforeAnyMethod" finished-at="2024-02-20T20:46:01 MST" duration-ms="6285" status="PASS">
          <reporter-output>
          </reporter-output>
        </test-method> <!-- beforeAnyMethod -->
        <test-method signature="loginSFTC4()[pri:0, instance:com.sf.automationtests.TestScriptLogin@4b9df8a]" started-at="2024-02-20T20:46:01 MST" name="loginSFTC4" finished-at="2024-02-20T20:46:09 MST" duration-ms="8781" status="PASS">
          <reporter-output>
          </reporter-output>
        </test-method> <!-- loginSFTC4 -->
        <test-method is-config="true" signature="afterAllMethods()[pri:0, instance:com.sf.automationtests.TestScriptLogin@4b9df8a]" started-at="2024-02-20T20:46:09 MST" name="afterAllMethods" finished-at="2024-02-20T20:46:09 MST" duration-ms="91" status="PASS">
          <reporter-output>
          </reporter-output>
        </test-method> <!-- afterAllMethods -->
        <test-method is-config="true" signature="beforeAnyMethod()[pri:0, instance:com.sf.automationtests.TestScriptLogin@4b9df8a]" started-at="2024-02-20T20:46:09 MST" name="beforeAnyMethod" finished-at="2024-02-20T20:46:16 MST" duration-ms="6224" status="PASS">
          <reporter-output>
          </reporter-output>
        </test-method> <!-- beforeAnyMethod -->
        <test-method signature="loginSFTC5()[pri:0, instance:com.sf.automationtests.TestScriptLogin@4b9df8a]" started-at="2024-02-20T20:46:16 MST" name="loginSFTC5" finished-at="2024-02-20T20:46:23 MST" duration-ms="7308" status="PASS">
          <reporter-output>
          </reporter-output>
        </test-method> <!-- loginSFTC5 -->
        <test-method is-config="true" signature="afterAllMethods()[pri:0, instance:com.sf.automationtests.TestScriptLogin@4b9df8a]" started-at="2024-02-20T20:46:23 MST" name="afterAllMethods" finished-at="2024-02-20T20:46:23 MST" duration-ms="140" status="PASS">
          <reporter-output>
          </reporter-output>
        </test-method> <!-- afterAllMethods -->
      </class> <!-- com.sf.automationtests.TestScriptLogin -->
    </test> <!-- SFLoginTest -->
  </suite> <!-- SFSuite -->
</testng-results>
